13:34:49.731 [main] ERROR com.sq.quartz.service.SchedulerExecuteService - ----------- 接口小时数据汇集任务开始 -----------
13:34:50.062 [main] ERROR com.sq.quartz.service.SchedulerExecuteService - ----------- 接口小时数据汇集任务结束 -----------
13:34:50.063 [pool-2-thread-3] ERROR com.sq.quota.strategy.QuotaComputTask - Module Comput T3YXZQLL_Hnum ---- 2015111813 start comput comd.
13:34:50.064 [pool-2-thread-1] ERROR com.sq.quota.strategy.QuotaComputTask - Module Comput B3ZQLL_Hnum ---- 2015111813 start comput comd.
13:34:50.063 [pool-2-thread-2] ERROR com.sq.quota.strategy.QuotaComputTask - Module Comput T3YXFH_Hnum ---- 2015111813 start comput comd.
13:34:50.232 [pool-2-thread-1] ERROR org.springframework.transaction.interceptor.TransactionInterceptor - Application exception overridden by rollback exception
com.sq.entity.search.exception.InvalidSearchValueException: Invalid Search Value, searchProperty [targetCode], entityProperty [targetCode], value [AW7002/FC3002AI:FT024302A.RO01]; nested exception is org.springframework.beans.MethodInvocationException: Property 'targetCode' threw exception; nested exception is org.springframework.beans.factory.BeanCreationNotAllowedException: Error creating bean with name 'originalDataRepositoryImpl': Singleton bean creation not allowed while the singletons of this factory are in destruction (Do not request a bean from a BeanFactory in a destroy method implementation!)
	at com.sq.entity.search.utils.SearchableConvertUtils.getConvertedValue(SearchableConvertUtils.java:171) ~[classes/:na]
	at com.sq.entity.search.utils.SearchableConvertUtils.convert(SearchableConvertUtils.java:152) ~[classes/:na]
	at com.sq.entity.search.utils.SearchableConvertUtils.convertSearchValueToEntityValue(SearchableConvertUtils.java:97) ~[classes/:na]
	at com.sq.entity.search.utils.SearchableConvertUtils.convertSearchValueToEntityValue(SearchableConvertUtils.java:88) ~[classes/:na]
	at com.sq.entity.search.SearchRequest.convert(SearchRequest.java:232) ~[classes/:na]
	at com.sq.repository.RepositoryHelper.assertConverted(RepositoryHelper.java:304) ~[classes/:na]
	at com.sq.repository.RepositoryHelper.findAll(RepositoryHelper.java:89) ~[classes/:na]
	at com.sq.repository.support.SimpleBaseRepository.findAll(SimpleBaseRepository.java:451) ~[classes/:na]
	at sun.reflect.NativeMethodAccessorImpl.invoke0(Native Method) ~[na:1.8.0_40]
	at sun.reflect.NativeMethodAccessorImpl.invoke(NativeMethodAccessorImpl.java:62) ~[na:1.8.0_40]
	at sun.reflect.DelegatingMethodAccessorImpl.invoke(DelegatingMethodAccessorImpl.java:43) ~[na:1.8.0_40]
	at java.lang.reflect.Method.invoke(Method.java:497) ~[na:1.8.0_40]
	at org.springframework.data.repository.core.support.RepositoryFactorySupport$QueryExecutorMethodInterceptor.executeMethodOn(RepositoryFactorySupport.java:344) ~[spring-data-commons-1.6.1.RELEASE.jar:na]
	at org.springframework.data.repository.core.support.RepositoryFactorySupport$QueryExecutorMethodInterceptor.invoke(RepositoryFactorySupport.java:329) ~[spring-data-commons-1.6.1.RELEASE.jar:na]
	at org.springframework.aop.framework.ReflectiveMethodInvocation.proceed(ReflectiveMethodInvocation.java:179) [spring-aop-4.0.0.RELEASE.jar:4.0.0.RELEASE]
	at org.springframework.transaction.interceptor.TransactionInterceptor$1.proceedWithInvocation(TransactionInterceptor.java:98) ~[spring-tx-4.0.0.RELEASE.jar:4.0.0.RELEASE]
	at org.springframework.transaction.interceptor.TransactionAspectSupport.invokeWithinTransaction(TransactionAspectSupport.java:262) ~[spring-tx-4.0.0.RELEASE.jar:4.0.0.RELEASE]
	at org.springframework.transaction.interceptor.TransactionInterceptor.invoke(TransactionInterceptor.java:95) [spring-tx-4.0.0.RELEASE.jar:4.0.0.RELEASE]
	at org.springframework.aop.framework.ReflectiveMethodInvocation.proceed(ReflectiveMethodInvocation.java:179) [spring-aop-4.0.0.RELEASE.jar:4.0.0.RELEASE]
	at org.springframework.dao.support.PersistenceExceptionTranslationInterceptor.invoke(PersistenceExceptionTranslationInterceptor.java:136) [spring-tx-4.0.0.RELEASE.jar:4.0.0.RELEASE]
	at org.springframework.aop.framework.ReflectiveMethodInvocation.proceed(ReflectiveMethodInvocation.java:179) [spring-aop-4.0.0.RELEASE.jar:4.0.0.RELEASE]
	at org.springframework.data.jpa.repository.support.LockModeRepositoryPostProcessor$LockModePopulatingMethodIntercceptor.invoke(LockModeRepositoryPostProcessor.java:92) [spring-data-jpa-1.4.1.RELEASE.jar:na]
	at org.springframework.aop.framework.ReflectiveMethodInvocation.proceed(ReflectiveMethodInvocation.java:179) [spring-aop-4.0.0.RELEASE.jar:4.0.0.RELEASE]
	at org.springframework.aop.interceptor.ExposeInvocationInterceptor.invoke(ExposeInvocationInterceptor.java:92) [spring-aop-4.0.0.RELEASE.jar:4.0.0.RELEASE]
	at org.springframework.aop.framework.ReflectiveMethodInvocation.proceed(ReflectiveMethodInvocation.java:179) [spring-aop-4.0.0.RELEASE.jar:4.0.0.RELEASE]
	at org.springframework.aop.framework.JdkDynamicAopProxy.invoke(JdkDynamicAopProxy.java:207) [spring-aop-4.0.0.RELEASE.jar:4.0.0.RELEASE]
	at com.sun.proxy.$Proxy56.findAll(Unknown Source) [na:na]
	at com.sq.quota.strategy.InterfaceQuotaStrategy.execIndiComput(InterfaceQuotaStrategy.java:55) [classes/:na]
	at com.sq.quota.strategy.QuotaComputTask.run(QuotaComputTask.java:117) [classes/:na]
	at java.util.concurrent.ThreadPoolExecutor.runWorker(ThreadPoolExecutor.java:1142) [na:1.8.0_40]
	at java.util.concurrent.ThreadPoolExecutor$Worker.run(ThreadPoolExecutor.java:617) [na:1.8.0_40]
	at java.lang.Thread.run(Thread.java:745) [na:1.8.0_40]
Caused by: org.springframework.beans.MethodInvocationException: Property 'targetCode' threw exception; nested exception is org.springframework.beans.factory.BeanCreationNotAllowedException: Error creating bean with name 'originalDataRepositoryImpl': Singleton bean creation not allowed while the singletons of this factory are in destruction (Do not request a bean from a BeanFactory in a destroy method implementation!)
	at org.springframework.beans.BeanWrapperImpl.setPropertyValue(BeanWrapperImpl.java:1171) ~[spring-beans-4.0.0.RELEASE.jar:4.0.0.RELEASE]
	at org.springframework.beans.BeanWrapperImpl.setPropertyValue(BeanWrapperImpl.java:898) ~[spring-beans-4.0.0.RELEASE.jar:4.0.0.RELEASE]
	at com.sq.entity.search.utils.SearchableConvertUtils.getConvertedValue(SearchableConvertUtils.java:166) ~[classes/:na]
	... 31 common frames omitted
Caused by: org.springframework.beans.factory.BeanCreationNotAllowedException: Error creating bean with name 'originalDataRepositoryImpl': Singleton bean creation not allowed while the singletons of this factory are in destruction (Do not request a bean from a BeanFactory in a destroy method implementation!)
	at org.springframework.beans.factory.support.DefaultSingletonBeanRegistry.getSingleton(DefaultSingletonBeanRegistry.java:215) ~[spring-beans-4.0.0.RELEASE.jar:4.0.0.RELEASE]
	at org.springframework.beans.factory.support.AbstractBeanFactory.doGetBean(AbstractBeanFactory.java:300) ~[spring-beans-4.0.0.RELEASE.jar:4.0.0.RELEASE]
	at org.springframework.beans.factory.support.AbstractBeanFactory.getBean(AbstractBeanFactory.java:195) ~[spring-beans-4.0.0.RELEASE.jar:4.0.0.RELEASE]
	at org.springframework.beans.factory.support.AbstractBeanFactory.doGetBean(AbstractBeanFactory.java:294) ~[spring-beans-4.0.0.RELEASE.jar:4.0.0.RELEASE]
	at org.springframework.beans.factory.support.AbstractBeanFactory.getBean(AbstractBeanFactory.java:200) ~[spring-beans-4.0.0.RELEASE.jar:4.0.0.RELEASE]
	at org.springframework.context.support.AbstractApplicationContext.getBean(AbstractApplicationContext.java:979) ~[spring-context-4.0.0.RELEASE.jar:4.0.0.RELEASE]
	at org.springframework.data.repository.support.Repositories.lookupRepositoryFactoryInformationFor(Repositories.java:215) ~[spring-data-commons-1.6.1.RELEASE.jar:na]
	at org.springframework.data.repository.support.Repositories.hasRepositoryFor(Repositories.java:86) ~[spring-data-commons-1.6.1.RELEASE.jar:na]
	at org.springframework.data.repository.support.DomainClassConverter.matches(DomainClassConverter.java:82) ~[spring-data-commons-1.6.1.RELEASE.jar:na]
	at org.springframework.core.convert.support.GenericConversionService$ConvertersForPair.getConverter(GenericConversionService.java:617) ~[spring-core-4.0.0.RELEASE.jar:4.0.0.RELEASE]
	at org.springframework.core.convert.support.GenericConversionService$Converters.getRegisteredConverter(GenericConversionService.java:523) ~[spring-core-4.0.0.RELEASE.jar:4.0.0.RELEASE]
	at org.springframework.core.convert.support.GenericConversionService$Converters.find(GenericConversionService.java:507) ~[spring-core-4.0.0.RELEASE.jar:4.0.0.RELEASE]
	at org.springframework.core.convert.support.GenericConversionService.getConverter(GenericConversionService.java:240) ~[spring-core-4.0.0.RELEASE.jar:4.0.0.RELEASE]
	at org.springframework.core.convert.support.GenericConversionService.canConvert(GenericConversionService.java:135) ~[spring-core-4.0.0.RELEASE.jar:4.0.0.RELEASE]
	at org.springframework.beans.TypeConverterDelegate.convertIfNecessary(TypeConverterDelegate.java:159) ~[spring-beans-4.0.0.RELEASE.jar:4.0.0.RELEASE]
	at org.springframework.beans.BeanWrapperImpl.convertIfNecessary(BeanWrapperImpl.java:458) ~[spring-beans-4.0.0.RELEASE.jar:4.0.0.RELEASE]
	at org.springframework.beans.BeanWrapperImpl.convertForProperty(BeanWrapperImpl.java:509) ~[spring-beans-4.0.0.RELEASE.jar:4.0.0.RELEASE]
	at org.springframework.beans.BeanWrapperImpl.setPropertyValue(BeanWrapperImpl.java:1115) ~[spring-beans-4.0.0.RELEASE.jar:4.0.0.RELEASE]
	... 33 common frames omitted
13:44:27.044 [main] ERROR com.sq.quartz.service.SchedulerExecuteService - ----------- 接口小时数据汇集任务开始 -----------
13:44:27.464 [main] ERROR com.sq.quartz.service.SchedulerExecuteService - ----------- 接口小时数据汇集任务结束 -----------
13:44:27.466 [pool-2-thread-2] ERROR com.sq.quota.strategy.QuotaComputTask - Module Comput T3YXFH_Hnum ---- 2015111813 start comput comd.
13:44:27.466 [pool-2-thread-1] ERROR com.sq.quota.strategy.QuotaComputTask - Module Comput B3ZQLL_Hnum ---- 2015111813 start comput comd.
13:44:27.466 [pool-2-thread-3] ERROR com.sq.quota.strategy.QuotaComputTask - Module Comput T3YXZQLL_Hnum ---- 2015111813 start comput comd.
13:48:16.775 [main] ERROR com.sq.quartz.service.SchedulerExecuteService - ----------- 接口小时数据汇集任务开始 -----------
13:48:17.142 [main] ERROR com.sq.quartz.service.SchedulerExecuteService - ----------- 接口小时数据汇集任务结束 -----------
13:48:17.144 [pool-2-thread-1] ERROR com.sq.quota.strategy.QuotaComputTask - Module Comput B3ZQLL_Hnum ---- 2015111813 start comput comd.
13:48:17.144 [pool-2-thread-2] ERROR com.sq.quota.strategy.QuotaComputTask - Module Comput T3YXFH_Hnum ---- 2015111813 start comput comd.
13:48:17.144 [pool-2-thread-3] ERROR com.sq.quota.strategy.QuotaComputTask - Module Comput T3YXZQLL_Hnum ---- 2015111813 start comput comd.
13:53:15.466 [main] ERROR com.sq.quartz.service.SchedulerExecuteService - ----------- 接口小时数据汇集任务开始 -----------
13:53:15.829 [main] ERROR com.sq.quartz.service.SchedulerExecuteService - ----------- 接口小时数据汇集任务结束 -----------
13:53:15.830 [pool-2-thread-3] ERROR com.sq.quota.strategy.QuotaComputTask - Module Comput T3YXZQLL_Hnum ---- 2015111813 start comput comd.
13:53:15.830 [pool-2-thread-2] ERROR com.sq.quota.strategy.QuotaComputTask - Module Comput T3YXFH_Hnum ---- 2015111813 start comput comd.
13:53:15.830 [pool-2-thread-1] ERROR com.sq.quota.strategy.QuotaComputTask - Module Comput B3ZQLL_Hnum ---- 2015111813 start comput comd.
13:56:01.846 [main] ERROR com.sq.quartz.service.SchedulerExecuteService - ----------- 接口小时数据汇集任务开始 -----------
13:56:02.240 [main] ERROR com.sq.quartz.service.SchedulerExecuteService - ----------- 接口小时数据汇集任务结束 -----------
13:56:02.242 [pool-2-thread-2] ERROR com.sq.quota.strategy.QuotaComputTask - Module Comput T3YXFH_Hnum ---- 2015111813 start comput comd.
13:56:02.243 [pool-2-thread-3] ERROR com.sq.quota.strategy.QuotaComputTask - Module Comput T3YXZQLL_Hnum ---- 2015111813 start comput comd.
13:56:02.243 [pool-2-thread-1] ERROR com.sq.quota.strategy.QuotaComputTask - Module Comput B3ZQLL_Hnum ---- 2015111813 start comput comd.
13:57:53.582 [pool-2-thread-3] ERROR org.springframework.transaction.interceptor.TransactionInterceptor - Application exception overridden by rollback exception
com.sq.entity.search.exception.InvalidSearchValueException: Invalid Search Value, searchProperty [targetCode], entityProperty [targetCode], value [AW7002/FC3003AI:ST030704.PNT]; nested exception is org.springframework.beans.MethodInvocationException: Property 'targetCode' threw exception; nested exception is org.springframework.beans.factory.BeanCreationNotAllowedException: Error creating bean with name 'originalDataRepositoryImpl': Singleton bean creation not allowed while the singletons of this factory are in destruction (Do not request a bean from a BeanFactory in a destroy method implementation!)
	at com.sq.entity.search.utils.SearchableConvertUtils.getConvertedValue(SearchableConvertUtils.java:171) ~[classes/:na]
	at com.sq.entity.search.utils.SearchableConvertUtils.convert(SearchableConvertUtils.java:152) ~[classes/:na]
	at com.sq.entity.search.utils.SearchableConvertUtils.convertSearchValueToEntityValue(SearchableConvertUtils.java:97) ~[classes/:na]
	at com.sq.entity.search.utils.SearchableConvertUtils.convertSearchValueToEntityValue(SearchableConvertUtils.java:88) ~[classes/:na]
	at com.sq.entity.search.SearchRequest.convert(SearchRequest.java:232) ~[classes/:na]
	at com.sq.repository.RepositoryHelper.assertConverted(RepositoryHelper.java:304) ~[classes/:na]
	at com.sq.repository.RepositoryHelper.findAll(RepositoryHelper.java:89) ~[classes/:na]
	at com.sq.repository.support.SimpleBaseRepository.findAll(SimpleBaseRepository.java:451) ~[classes/:na]
	at sun.reflect.NativeMethodAccessorImpl.invoke0(Native Method) ~[na:1.8.0_40]
	at sun.reflect.NativeMethodAccessorImpl.invoke(NativeMethodAccessorImpl.java:62) ~[na:1.8.0_40]
	at sun.reflect.DelegatingMethodAccessorImpl.invoke(DelegatingMethodAccessorImpl.java:43) ~[na:1.8.0_40]
	at java.lang.reflect.Method.invoke(Method.java:497) ~[na:1.8.0_40]
	at org.springframework.data.repository.core.support.RepositoryFactorySupport$QueryExecutorMethodInterceptor.executeMethodOn(RepositoryFactorySupport.java:344) ~[spring-data-commons-1.6.1.RELEASE.jar:na]
	at org.springframework.data.repository.core.support.RepositoryFactorySupport$QueryExecutorMethodInterceptor.invoke(RepositoryFactorySupport.java:329) ~[spring-data-commons-1.6.1.RELEASE.jar:na]
	at org.springframework.aop.framework.ReflectiveMethodInvocation.proceed(ReflectiveMethodInvocation.java:179) [spring-aop-4.0.0.RELEASE.jar:4.0.0.RELEASE]
	at org.springframework.transaction.interceptor.TransactionInterceptor$1.proceedWithInvocation(TransactionInterceptor.java:98) ~[spring-tx-4.0.0.RELEASE.jar:4.0.0.RELEASE]
	at org.springframework.transaction.interceptor.TransactionAspectSupport.invokeWithinTransaction(TransactionAspectSupport.java:262) ~[spring-tx-4.0.0.RELEASE.jar:4.0.0.RELEASE]
	at org.springframework.transaction.interceptor.TransactionInterceptor.invoke(TransactionInterceptor.java:95) [spring-tx-4.0.0.RELEASE.jar:4.0.0.RELEASE]
	at org.springframework.aop.framework.ReflectiveMethodInvocation.proceed(ReflectiveMethodInvocation.java:179) [spring-aop-4.0.0.RELEASE.jar:4.0.0.RELEASE]
	at org.springframework.dao.support.PersistenceExceptionTranslationInterceptor.invoke(PersistenceExceptionTranslationInterceptor.java:136) [spring-tx-4.0.0.RELEASE.jar:4.0.0.RELEASE]
	at org.springframework.aop.framework.ReflectiveMethodInvocation.proceed(ReflectiveMethodInvocation.java:179) [spring-aop-4.0.0.RELEASE.jar:4.0.0.RELEASE]
	at org.springframework.data.jpa.repository.support.LockModeRepositoryPostProcessor$LockModePopulatingMethodIntercceptor.invoke(LockModeRepositoryPostProcessor.java:92) [spring-data-jpa-1.4.1.RELEASE.jar:na]
	at org.springframework.aop.framework.ReflectiveMethodInvocation.proceed(ReflectiveMethodInvocation.java:179) [spring-aop-4.0.0.RELEASE.jar:4.0.0.RELEASE]
	at org.springframework.aop.interceptor.ExposeInvocationInterceptor.invoke(ExposeInvocationInterceptor.java:92) [spring-aop-4.0.0.RELEASE.jar:4.0.0.RELEASE]
	at org.springframework.aop.framework.ReflectiveMethodInvocation.proceed(ReflectiveMethodInvocation.java:179) [spring-aop-4.0.0.RELEASE.jar:4.0.0.RELEASE]
	at org.springframework.aop.framework.JdkDynamicAopProxy.invoke(JdkDynamicAopProxy.java:207) [spring-aop-4.0.0.RELEASE.jar:4.0.0.RELEASE]
	at com.sun.proxy.$Proxy56.findAll(Unknown Source) [na:na]
	at com.sq.quota.strategy.InterfaceQuotaStrategy.execIndiComput(InterfaceQuotaStrategy.java:55) [classes/:na]
	at com.sq.quota.strategy.QuotaComputTask.run(QuotaComputTask.java:117) [classes/:na]
	at java.util.concurrent.ThreadPoolExecutor.runWorker(ThreadPoolExecutor.java:1142) [na:1.8.0_40]
	at java.util.concurrent.ThreadPoolExecutor$Worker.run(ThreadPoolExecutor.java:617) [na:1.8.0_40]
	at java.lang.Thread.run(Thread.java:745) [na:1.8.0_40]
Caused by: org.springframework.beans.MethodInvocationException: Property 'targetCode' threw exception; nested exception is org.springframework.beans.factory.BeanCreationNotAllowedException: Error creating bean with name 'originalDataRepositoryImpl': Singleton bean creation not allowed while the singletons of this factory are in destruction (Do not request a bean from a BeanFactory in a destroy method implementation!)
	at org.springframework.beans.BeanWrapperImpl.setPropertyValue(BeanWrapperImpl.java:1171) ~[spring-beans-4.0.0.RELEASE.jar:4.0.0.RELEASE]
	at org.springframework.beans.BeanWrapperImpl.setPropertyValue(BeanWrapperImpl.java:898) ~[spring-beans-4.0.0.RELEASE.jar:4.0.0.RELEASE]
	at com.sq.entity.search.utils.SearchableConvertUtils.getConvertedValue(SearchableConvertUtils.java:166) ~[classes/:na]
	... 31 common frames omitted
Caused by: org.springframework.beans.factory.BeanCreationNotAllowedException: Error creating bean with name 'originalDataRepositoryImpl': Singleton bean creation not allowed while the singletons of this factory are in destruction (Do not request a bean from a BeanFactory in a destroy method implementation!)
	at org.springframework.beans.factory.support.DefaultSingletonBeanRegistry.getSingleton(DefaultSingletonBeanRegistry.java:215) ~[spring-beans-4.0.0.RELEASE.jar:4.0.0.RELEASE]
	at org.springframework.beans.factory.support.AbstractBeanFactory.doGetBean(AbstractBeanFactory.java:300) ~[spring-beans-4.0.0.RELEASE.jar:4.0.0.RELEASE]
	at org.springframework.beans.factory.support.AbstractBeanFactory.getBean(AbstractBeanFactory.java:195) ~[spring-beans-4.0.0.RELEASE.jar:4.0.0.RELEASE]
	at org.springframework.beans.factory.support.AbstractBeanFactory.doGetBean(AbstractBeanFactory.java:294) ~[spring-beans-4.0.0.RELEASE.jar:4.0.0.RELEASE]
	at org.springframework.beans.factory.support.AbstractBeanFactory.getBean(AbstractBeanFactory.java:200) ~[spring-beans-4.0.0.RELEASE.jar:4.0.0.RELEASE]
	at org.springframework.context.support.AbstractApplicationContext.getBean(AbstractApplicationContext.java:979) ~[spring-context-4.0.0.RELEASE.jar:4.0.0.RELEASE]
	at org.springframework.data.repository.support.Repositories.lookupRepositoryFactoryInformationFor(Repositories.java:215) ~[spring-data-commons-1.6.1.RELEASE.jar:na]
	at org.springframework.data.repository.support.Repositories.hasRepositoryFor(Repositories.java:86) ~[spring-data-commons-1.6.1.RELEASE.jar:na]
	at org.springframework.data.repository.support.DomainClassConverter.matches(DomainClassConverter.java:82) ~[spring-data-commons-1.6.1.RELEASE.jar:na]
	at org.springframework.core.convert.support.GenericConversionService$ConvertersForPair.getConverter(GenericConversionService.java:617) ~[spring-core-4.0.0.RELEASE.jar:4.0.0.RELEASE]
	at org.springframework.core.convert.support.GenericConversionService$Converters.getRegisteredConverter(GenericConversionService.java:523) ~[spring-core-4.0.0.RELEASE.jar:4.0.0.RELEASE]
	at org.springframework.core.convert.support.GenericConversionService$Converters.find(GenericConversionService.java:507) ~[spring-core-4.0.0.RELEASE.jar:4.0.0.RELEASE]
	at org.springframework.core.convert.support.GenericConversionService.getConverter(GenericConversionService.java:240) ~[spring-core-4.0.0.RELEASE.jar:4.0.0.RELEASE]
	at org.springframework.core.convert.support.GenericConversionService.canConvert(GenericConversionService.java:135) ~[spring-core-4.0.0.RELEASE.jar:4.0.0.RELEASE]
	at org.springframework.beans.TypeConverterDelegate.convertIfNecessary(TypeConverterDelegate.java:159) ~[spring-beans-4.0.0.RELEASE.jar:4.0.0.RELEASE]
	at org.springframework.beans.BeanWrapperImpl.convertIfNecessary(BeanWrapperImpl.java:458) ~[spring-beans-4.0.0.RELEASE.jar:4.0.0.RELEASE]
	at org.springframework.beans.BeanWrapperImpl.convertForProperty(BeanWrapperImpl.java:509) ~[spring-beans-4.0.0.RELEASE.jar:4.0.0.RELEASE]
	at org.springframework.beans.BeanWrapperImpl.setPropertyValue(BeanWrapperImpl.java:1115) ~[spring-beans-4.0.0.RELEASE.jar:4.0.0.RELEASE]
	... 33 common frames omitted
14:04:57.256 [startQuertz_Worker-1] ERROR com.sq.quartz.service.SchedulerExecuteService - ----------- 接口小时数据汇集任务开始 -----------
14:04:57.552 [pool-2-thread-3] ERROR com.sq.quota.strategy.QuotaComputTask - Module Comput T3YXZQLL_Hnum ---- 2015111814 start comput comd.
14:04:57.552 [pool-2-thread-1] ERROR com.sq.quota.strategy.QuotaComputTask - Module Comput B3ZQLL_Hnum ---- 2015111814 start comput comd.
14:04:57.552 [pool-2-thread-2] ERROR com.sq.quota.strategy.QuotaComputTask - Module Comput T3YXFH_Hnum ---- 2015111814 start comput comd.
14:04:57.550 [startQuertz_Worker-1] ERROR com.sq.quartz.service.SchedulerExecuteService - ----------- 接口小时数据汇集任务结束 -----------
14:04:58.765 [main] ERROR com.sq.quartz.service.SchedulerExecuteService - ----------- 接口小时数据汇集任务开始 -----------
14:04:58.810 [pool-2-thread-4] ERROR com.sq.quota.strategy.QuotaComputTask - Module Comput B3ZQLL_Hnum ---- 2015111814 start comput comd.
14:04:58.810 [pool-2-thread-5] ERROR com.sq.quota.strategy.QuotaComputTask - Module Comput T3YXFH_Hnum ---- 2015111814 start comput comd.
14:04:58.811 [pool-2-thread-6] ERROR com.sq.quota.strategy.QuotaComputTask - Module Comput T3YXZQLL_Hnum ---- 2015111814 start comput comd.
14:04:58.811 [main] ERROR com.sq.quartz.service.SchedulerExecuteService - ----------- 接口小时数据汇集任务结束 -----------
14:08:31.164 [startQuertz_Worker-1] ERROR com.sq.quartz.service.SchedulerExecuteService - ----------- 接口小时数据汇集任务开始 -----------
14:08:31.535 [startQuertz_Worker-1] ERROR com.sq.quartz.service.SchedulerExecuteService - ----------- 接口小时数据汇集任务结束 -----------
14:08:31.536 [pool-2-thread-1] ERROR com.sq.quota.strategy.QuotaComputTask - Module Comput B3ZQLL_Hnum ---- 2015111814 start comput comd.
14:08:31.536 [pool-2-thread-3] ERROR com.sq.quota.strategy.QuotaComputTask - Module Comput T3YXZQLL_Hnum ---- 2015111814 start comput comd.
14:08:31.536 [pool-2-thread-2] ERROR com.sq.quota.strategy.QuotaComputTask - Module Comput T3YXFH_Hnum ---- 2015111814 start comput comd.
14:08:32.885 [main] ERROR com.sq.quartz.service.SchedulerExecuteService - ----------- 接口小时数据汇集任务开始 -----------
14:08:32.928 [pool-2-thread-4] ERROR com.sq.quota.strategy.QuotaComputTask - Module Comput B3ZQLL_Hnum ---- 2015111814 start comput comd.
14:08:32.928 [pool-2-thread-5] ERROR com.sq.quota.strategy.QuotaComputTask - Module Comput T3YXFH_Hnum ---- 2015111814 start comput comd.
14:08:32.930 [pool-2-thread-6] ERROR com.sq.quota.strategy.QuotaComputTask - Module Comput T3YXZQLL_Hnum ---- 2015111814 start comput comd.
14:08:32.931 [main] ERROR com.sq.quartz.service.SchedulerExecuteService - ----------- 接口小时数据汇集任务结束 -----------
14:11:03.456 [startQuertz_Worker-1] ERROR com.sq.quartz.service.SchedulerExecuteService - ----------- 接口小时数据汇集任务开始 -----------
14:11:03.788 [pool-2-thread-1] ERROR com.sq.quota.strategy.QuotaComputTask - Module Comput B3ZQLL_Hnum ---- 2015111814 start comput comd.
14:11:03.788 [pool-2-thread-2] ERROR com.sq.quota.strategy.QuotaComputTask - Module Comput T3YXFH_Hnum ---- 2015111814 start comput comd.
14:11:03.789 [pool-2-thread-3] ERROR com.sq.quota.strategy.QuotaComputTask - Module Comput T3YXZQLL_Hnum ---- 2015111814 start comput comd.
14:11:03.789 [startQuertz_Worker-1] ERROR com.sq.quartz.service.SchedulerExecuteService - ----------- 接口小时数据汇集任务结束 -----------
14:11:04.703 [main] ERROR com.sq.quartz.service.SchedulerExecuteService - ----------- 接口小时数据汇集任务开始 -----------
14:11:04.796 [pool-2-thread-4] ERROR com.sq.quota.strategy.QuotaComputTask - Module Comput B3ZQLL_Hnum ---- 2015111814 start comput comd.
14:11:04.798 [pool-2-thread-5] ERROR com.sq.quota.strategy.QuotaComputTask - Module Comput T3YXFH_Hnum ---- 2015111814 start comput comd.
14:11:04.799 [pool-2-thread-6] ERROR com.sq.quota.strategy.QuotaComputTask - Module Comput T3YXZQLL_Hnum ---- 2015111814 start comput comd.
14:11:04.799 [main] ERROR com.sq.quartz.service.SchedulerExecuteService - ----------- 接口小时数据汇集任务结束 -----------
